Turbo Assembler  Version 1.0        04/08/98 12:43:28         Page 1
ROMBIOS3.ASM

      1 0000                         .MODEL SMALL
      2
      3 0000                         CODIGO SEGMENT 'Code'
      4                                 ASSUME CS:CODIGO, DS:CODIGO, ES:NOTHING, SS:NOTHING
      5
      6                                 ORG 0F0100h
      7
      8 0100                         PROG PROC NEAR
      9 0100  BA 03C7                   MOV DX,3C7h    ; Direccion del pto. de control del 8255 (A0=A1=1)
     10 0103  B0 C2                     MOV AL,0C2h    ; Grupo B = Modo 0, Puerto B = Input, PC2,0 = Salida
     11 0105  EE                        OUT DX,AL      ; Programar 8255
     12
     13                               WRITE:
     14 0106  BA 03C4                   MOV DX,3C4h    ; Data Bus -> Port A
     15 0109  B0 41                     MOV AL,41h     ; 'A'
     16 010B  EE                        OUT DX,AL
     17 010C  EB F8                     JMP WRITE
     18
     19                                 ORG 0FFFF0h
     20
     21                               START:
     22 FFF0  B8 F000                   MOV AX,0F000h
     23 FFF3  8E C8                     MOV CS,AX
     24 FFF5  E9 0108                   JMP PROG
     25 FFF8                         PROG ENDP
     26 FFF8                         CODIGO ENDS
     27                                 END PROG
Turbo Assembler  Version 1.0        04/08/98 12:43:28         Page 2
Symbol Table


Symbol Name             Type   Value                       Cref  defined at #

??date                  Text   "04/08/98"
??filename              Text   "ROMBIOS3"
??time                  Text   "12:43:28"
??version               Number 0100
@CodeSize               Text   0                           #1
@Cpu                    Text   0101H
@DataSize               Text   0                           #1
@FileName               Text   ROMBIOS3
@WordSize               Text   2                           #3
@code                   Text   _TEXT                       #1
@curseg                 Text   CODIGO                      #3
@data                   Text   DGROUP                      #1
PROG                    Near   CODIGO:0100                 #8  24  27
START                   Near   CODIGO:FFF0                 #21
WRITE                   Near   CODIGO:0106                 #13  17

Groups & Segments       Bit Size Align  Combine Class      Cref  defined at #

CODIGO                  16  FFF8 Para   none    Code       #3  4  4
DGROUP                  Group                              #1  1
  _DATA                 16  0000 Word   Public  DATA       #1
_TEXT                   16  0000 Word   Public  CODE       #1  1
