Turbo Assembler  Version 1.0        03/08/98 14:44:21         Page 1
ROMBIOS2.ASM

      1 0000                         .MODEL SMALL
      2
      3 0000                         CODIGO SEGMENT 'Code'
      4                                 ASSUME CS:CODIGO, DS:CODIGO, ES:NOTHING, SS:NOTHING
      5
      6                                 ORG 0F0100h
      7
      8 0100                         PROG PROC NEAR
      9 0100  B0 55                     MOV AL,55h
     10 0102  BA 03C4                   MOV DX,3C4h
     11 0105  EE                        OUT DX,AL
     12 0106  BA 03C5                   MOV DX,3C5h
     13 0109  EE                        OUT DX,AL
     14 010A  BA 03C6                   MOV DX,3C6h
     15 010D  EE                        OUT DX,AL
     16 010E  BA 03C7                   MOV DX,3C7h
     17 0111  EE                        OUT DX,AL
     18 0112  EB EC                     JMP PROG
     19
     20                                 ORG 0FFFF0h
     21
     22                              START:
     23 FFF0  B8 F000                   MOV AX,0F000h
     24 FFF3  8E C8                     MOV CS,AX
     25 FFF5  E9 0108                   JMP PROG
     26 FFF8                         PROG ENDP
     27 FFF8                         CODIGO ENDS
     28                                 END PROG
Turbo Assembler  Version 1.0        03/08/98 14:44:21         Page 2
Symbol Table


Symbol Name             Type   Value                       Cref  defined at #

??date                  Text   "03/08/98"
??filename              Text   "ROMBIOS2"
??time                  Text   "14:44:20"
??version               Number 0100
@CodeSize               Text   0                           #1
@Cpu                    Text   0101H
@DataSize               Text   0                           #1
@FileName               Text   ROMBIOS2
@WordSize               Text   2                           #3
@code                   Text   _TEXT                       #1
@curseg                 Text   CODIGO                      #3
@data                   Text   DGROUP                      #1
PROG                    Near   CODIGO:0100                 #8  18  25  28
START                   Near   CODIGO:FFF0                 #22

Groups & Segments       Bit Size Align  Combine Class      Cref  defined at #

CODIGO                  16  FFF8 Para   none    Code       #3  4  4
DGROUP                  Group                              #1  1
  _DATA                 16  0000 Word   Public  DATA       #1
_TEXT                   16  0000 Word   Public  CODE       #1  1
