Turbo Assembler  Version 1.0        30/07/98 11:38:42         Page 1
ROMBIOS1.ASM

      1 0000                         .MODEL SMALL
      2
      3 0000                         CODIGO SEGMENT 'Code'
      4                                 ASSUME CS:CODIGO, DS:CODIGO, ES:NOTHING, SS:NOTHING
      5
      6                                 ORG 0F0100h
      7
      8 0100                         PROG PROC NEAR
      9 0100  B0 55                     MOV AL,55h
     10 0102  BA 03C0                   MOV DX,3C0h
     11 0105  EE                        OUT DX,AL
     12 0106  EB F8                     JMP PROG
     13
     14                                 ORG 0FFFF0h
     15
     16                              START:
     17 FFF0  B8 F000                   MOV AX,0F000h
     18 FFF3  8E C8                     MOV CS,AX
     19 FFF5  E9 0108                   JMP PROG
     20 FFF8                         PROG ENDP
     21 FFF8                         CODIGO ENDS
     22                                 END PROG
Turbo Assembler  Version 1.0        30/07/98 11:38:42         Page 2
Symbol Table


Symbol Name             Type   Value                       Cref  defined at #

??date                  Text   "30/07/98"
??filename              Text   "ROMBIOS1"
??time                  Text   "11:38:40"
??version               Number 0100
@CodeSize               Text   0                           #1
@Cpu                    Text   0101H
@DataSize               Text   0                           #1
@FileName               Text   ROMBIOS1
@WordSize               Text   2                           #3
@code                   Text   _TEXT                       #1
@curseg                 Text   CODIGO                      #3
@data                   Text   DGROUP                      #1
PROG                    Near   CODIGO:0100                 #8  12  19  22
START                   Near   CODIGO:FFF0                 #16

Groups & Segments       Bit Size Align  Combine Class      Cref  defined at #

CODIGO                  16  FFF8 Para   none    Code       #3  4  4
DGROUP                  Group                              #1  1
  _DATA                 16  0000 Word   Public  DATA       #1
_TEXT                   16  0000 Word   Public  CODE       #1  1
