Turbo Assembler  Version 1.0        06/08/98 15:12:39         Page 1
ROMBIOS7.ASM

      1 0000                         .MODEL SMALL
      2
      3 0000                         CODIGO SEGMENT 'Code'
      4                                 ASSUME CS:CODIGO, DS:CODIGO, ES:NOTHING, SS:NOTHING
      5
      6                                 ORG 0F0100h
      7
      8 0100                         PROG PROC NEAR
      9 0100  33 C0                     XOR AX,AX
     10 0102  33 DB                     XOR BX,BX
     11
     12 0104  BA 03C7                   MOV DX,3C7h    ; Direccion del pto. de control del 8255 (A0=A1=1)
     13 0107  B0 8A                     MOV AL,8Ah     ; Modo 0, Pto. A = Salida, Pto. B = Entrada, PC03 = Salida, PC47 = Entrada
     14 0109  EE                        OUT DX,AL      ; Programar 8255
     15
     16                               CICLO:
     17 010A  BA 03C5                   MOV DX,3C5h    ; Port B -> Data Bus
     18
     19                               LEE1:
     20 010D  EC                        IN  AL,DX
     21 010E  3C 54                     CMP AL,'T'
     22 0110  75 FB                     JNE LEE1
     23
     24 0112  B0 52                     MOV AL,'R'
     25 0114  BA 03C4                   MOV DX,3C4h
     26 0117  EE                        OUT DX,AL
     27
     28 0118  BA 03C5                   MOV DX,3C5h
     29
     30                               LEE2:
     31 011B  EC                        IN  AL,DX
     32 011C  3C 54                     CMP AL,'T'
     33 011E  74 FB                     JE LEE2
     34
     35 0120  BA 03C4                   MOV DX,3C4h
     36 0123  EE                        OUT DX,AL
     37
     38 0124  EB E4                     JMP CICLO
     39
     40                                 ORG 0FFFF0h
     41
     42                               START:
     43 FFF0  B8 F000                   MOV AX,0F000h
     44 FFF3  8E C8                     MOV CS,AX
     45 FFF5  E9 0108                   JMP PROG
     46 FFF8                         PROG ENDP
     47 FFF8                         CODIGO ENDS
     48                                 END PROG
Turbo Assembler  Version 1.0        06/08/98 15:12:39         Page 2
Symbol Table


Symbol Name             Type   Value                       Cref  defined at #

??date                  Text   "06/08/98"
??filename              Text   "ROMBIOS7"
??time                  Text   "15:12:39"
??version               Number 0100
@CodeSize               Text   0                           #1
@Cpu                    Text   0101H
@DataSize               Text   0                           #1
@FileName               Text   ROMBIOS7
@WordSize               Text   2                           #3
@code                   Text   _TEXT                       #1
@curseg                 Text   CODIGO                      #3
@data                   Text   DGROUP                      #1
CICLO                   Near   CODIGO:010A                 #16  38
LEE1                    Near   CODIGO:010D                 #19  22
LEE2                    Near   CODIGO:011B                 #30  33
PROG                    Near   CODIGO:0100                 #8  45  48
START                   Near   CODIGO:FFF0                 #42

Groups & Segments       Bit Size Align  Combine Class      Cref  defined at #

CODIGO                  16  FFF8 Para   none    Code       #3  4  4
DGROUP                  Group                              #1  1
  _DATA                 16  0000 Word   Public  DATA       #1
_TEXT                   16  0000 Word   Public  CODE       #1  1
